Wed Jun 19 09:31:16 CAT 2024: Changes committed with message: 
Wed Jun 19 09:32:19 CAT 2024: Changes committed with message: advanced: Branch Management, Fetch Latest Changes
Wed Jun 19 10:01:43 CAT 2024: Changes committed with message: advanced more
Wed Jun 19 10:17:40 CAT 2024: Changes committed with message: added shorthand syntax
Wed Jun 19 10:18:38 CAT 2024: Changes pushed to origin/main
Wed Jun 19 10:38:00 CAT 2024: Changes committed with message: added clean ui
Wed Jun 19 10:38:29 CAT 2024: Changes pushed to main/main
Wed Jun 19 10:43:58 CAT 2024: Changes pushed to origin/main
Wed Jun 19 10:47:14 CAT 2024: Changes pushed to origin/main
Wed Jun 19 10:49:12 CAT 2024: Changes pushed to origin/main
Wed Jun 19 10:49:46 CAT 2024: Changes committed with message: added automatic push
Wed Jun 19 10:49:53 CAT 2024: Changes pushed to origin/main
Wed Jun 19 11:07:07 CAT 2024: Changes committed with message: i think final
Wed Jun 19 11:07:16 CAT 2024: Changes pushed to origin/main
Wed Jun 19 11:07:26 CAT 2024: Changes pushed to origin/main
Wed Jun 19 12:05:25 CAT 2024: Changes committed with message: added touches
Wed Jun 19 12:05:31 CAT 2024: Changes pushed to origin/main
Wed Jun 19 12:11:03 CAT 2024: Changes committed with message: plain ui
Wed Jun 19 12:20:01 CAT 2024: Changes committed with message: removed el
Wed Jun 19 12:20:09 CAT 2024: Changes pushed to origin/main
Wed Jun 19 12:23:26 CAT 2024: Changes committed with message: test
Wed Jun 19 12:23:51 CAT 2024: Changes pushed to origin/main
Wed Jun 19 14:19:08 CAT 2024: Changes committed with message: added basic commit viewing
Wed Jun 19 14:19:15 CAT 2024: Changes pushed to origin/main
Wed Jun 19 15:04:54 CAT 2024: Deleted commit: 2ba900c
Wed Jun 19 15:08:28 CAT 2024: Reverted commit: 0bc4bd7
Wed Jun 19 15:13:43 CAT 2024: Changes committed with message: Stable version (colors working, branch management working
Wed Jun 19 15:14:12 CAT 2024: Changes pushed to origin/main
Wed Jun 19 15:49:05 CAT 2024: Changes committed with message: stable version 1.2
Wed Jun 19 16:01:57 CAT 2024: Changes pushed to origin/main
Wed Jun 19 18:59:44 CAT 2024: Changes committed with message: stable version 1.3 intro to pull , merge branches, rebase branch, stash change, git config.
Wed Jun 19 18:59:50 CAT 2024: Changes pushed to origin/main
